Logfile initialized
[INFO] logfile = D:\Appcelerator Titanium Apps\zipi-games\build.log
[DEBUG] C:\Users\Ristici\AppData\Roaming\Titanium\mobilesdk\win32\3.0.2.GA\android\builder.py install test E:\Ristina dokumenta\Android SDK D:\Appcelerator Titanium Apps\zipi-games com.zipi.games 17
[INFO] Titanium SDK version: 3.0.2 (02/15/13 19:02 5a77fe7)
[DEBUG] Waiting for device to be ready ...
[TRACE] adb devices returned 1 devices/emulators
[DEBUG] Device connected... (waited 0 seconds)
[DEBUG] waited 0.016000 seconds on emulator to get ready
[DEBUG] com.zipi.games installed? False
[INFO] Copying CommonJS modules...
[INFO] Copying project resources..
[INFO] Detected change in tiapp.xml, or assets deleted. Forcing full re-build...
[TRACE] COPYING CREATED FILE: D:\Appcelerator Titanium Apps\zipi-games\Resources\android\appicon.png => D:\Appcelerator Titanium Apps\zipi-games\build\android\bin\assets\Resources\appicon.png
[TRACE] COPYING CREATED FILE: D:\Appcelerator Titanium Apps\zipi-games\Resources\android\default.png => D:\Appcelerator Titanium Apps\zipi-games\build\android\bin\assets\Resources\default.png
[TRACE] COPYING CREATED FILE: D:\Appcelerator Titanium Apps\zipi-games\Resources\android\loading.gif => D:\Appcelerator Titanium Apps\zipi-games\build\android\bin\assets\Resources\loading.gif
[TRACE] COPYING CREATED FILE: D:\Appcelerator Titanium Apps\zipi-games\Resources\android\zipigames.png => D:\Appcelerator Titanium Apps\zipi-games\build\android\bin\assets\Resources\zipigames.png
[TRACE] COPYING CREATED FILE: D:\Appcelerator Titanium Apps\zipi-games\Resources\app.js => D:\Appcelerator Titanium Apps\zipi-games\build\android\bin\assets\Resources\app.js
[TRACE] COPYING CREATED FILE: D:\Appcelerator Titanium Apps\zipi-games\Resources\bg.jpg => D:\Appcelerator Titanium Apps\zipi-games\build\android\bin\assets\Resources\bg.jpg
[TRACE] COPYING CREATED FILE: D:\Appcelerator Titanium Apps\zipi-games\Resources\game\game.js => D:\Appcelerator Titanium Apps\zipi-games\build\android\bin\assets\Resources\game\game.js
[TRACE] COPYING CREATED FILE: D:\Appcelerator Titanium Apps\zipi-games\Resources\game\view\firstpage.js => D:\Appcelerator Titanium Apps\zipi-games\build\android\bin\assets\Resources\game\view\firstpage.js
[TRACE] COPYING CREATED FILE: D:\Appcelerator Titanium Apps\zipi-games\Resources\images\Monster.png => D:\Appcelerator Titanium Apps\zipi-games\build\android\bin\assets\Resources\images\Monster.png
[TRACE] COPYING CREATED FILE: D:\Appcelerator Titanium Apps\zipi-games\Resources\images\Nasa.png => D:\Appcelerator Titanium Apps\zipi-games\build\android\bin\assets\Resources\images\Nasa.png
[TRACE] COPYING CREATED FILE: D:\Appcelerator Titanium Apps\zipi-games\Resources\images\Netscape.png => D:\Appcelerator Titanium Apps\zipi-games\build\android\bin\assets\Resources\images\Netscape.png
[TRACE] COPYING CREATED FILE: D:\Appcelerator Titanium Apps\zipi-games\Resources\images\Rover.png => D:\Appcelerator Titanium Apps\zipi-games\build\android\bin\assets\Resources\images\Rover.png
[TRACE] COPYING CREATED FILE: D:\Appcelerator Titanium Apps\zipi-games\Resources\images\Screen Shot 2012-05-12 at 7.24.20 AM.png => D:\Appcelerator Titanium Apps\zipi-games\build\android\bin\assets\Resources\images\Screen Shot 2012-05-12 at 7.24.20 AM.png
[TRACE] COPYING CREATED FILE: D:\Appcelerator Titanium Apps\zipi-games\Resources\images\zipigames.png => D:\Appcelerator Titanium Apps\zipi-games\build\android\bin\assets\Resources\images\zipigames.png
[TRACE] COPYING CREATED FILE: D:\Appcelerator Titanium Apps\zipi-games\Resources\KS_nav_ui.png => D:\Appcelerator Titanium Apps\zipi-games\build\android\bin\assets\Resources\KS_nav_ui.png
[TRACE] COPYING CREATED FILE: D:\Appcelerator Titanium Apps\zipi-games\Resources\KS_nav_views.png => D:\Appcelerator Titanium Apps\zipi-games\build\android\bin\assets\Resources\KS_nav_views.png
[TRACE] Generating Java Classes
[DEBUG] Processing Android resource drawables
[TRACE] COPYING FILE: D:\Appcelerator Titanium Apps\zipi-games\Resources\android\images\res-long-land-hdpi\zipigames.png => D:\Appcelerator Titanium Apps\zipi-games\build\android\res\drawable-long-land-hdpi\zipigames_e85c20b1bb.png
[TRACE] COPYING FILE: D:\Appcelerator Titanium Apps\zipi-games\Resources\android\images\res-long-land-ldpi\zipigames.png => D:\Appcelerator Titanium Apps\zipi-games\build\android\res\drawable-long-land-ldpi\zipigames_e85c20b1bb.png
[TRACE] COPYING FILE: D:\Appcelerator Titanium Apps\zipi-games\Resources\android\images\res-long-port-hdpi\zipigames.png => D:\Appcelerator Titanium Apps\zipi-games\build\android\res\drawable-long-port-hdpi\zipigames_e85c20b1bb.png
[TRACE] COPYING FILE: D:\Appcelerator Titanium Apps\zipi-games\Resources\android\images\res-long-port-ldpi\zipigames.png => D:\Appcelerator Titanium Apps\zipi-games\build\android\res\drawable-long-port-ldpi\zipigames_e85c20b1bb.png
[TRACE] COPYING FILE: D:\Appcelerator Titanium Apps\zipi-games\Resources\android\images\res-notlong-land-hdpi\zipigames.png => D:\Appcelerator Titanium Apps\zipi-games\build\android\res\drawable-notlong-land-hdpi\zipigames_e85c20b1bb.png
[TRACE] COPYING FILE: D:\Appcelerator Titanium Apps\zipi-games\Resources\android\images\res-notlong-land-ldpi\zipigames.png => D:\Appcelerator Titanium Apps\zipi-games\build\android\res\drawable-notlong-land-ldpi\zipigames_e85c20b1bb.png
[TRACE] COPYING FILE: D:\Appcelerator Titanium Apps\zipi-games\Resources\android\images\res-notlong-land-mdpi\zipigames.png => D:\Appcelerator Titanium Apps\zipi-games\build\android\res\drawable-notlong-land-mdpi\zipigames_e85c20b1bb.png
[TRACE] COPYING FILE: D:\Appcelerator Titanium Apps\zipi-games\Resources\android\images\res-notlong-port-hdpi\zipigames.png => D:\Appcelerator Titanium Apps\zipi-games\build\android\res\drawable-notlong-port-hdpi\zipigames_e85c20b1bb.png
[TRACE] COPYING FILE: D:\Appcelerator Titanium Apps\zipi-games\Resources\android\images\res-notlong-port-ldpi\zipigames.png => D:\Appcelerator Titanium Apps\zipi-games\build\android\res\drawable-notlong-port-ldpi\zipigames_e85c20b1bb.png
[TRACE] COPYING FILE: D:\Appcelerator Titanium Apps\zipi-games\Resources\android\images\res-notlong-port-mdpi\zipigames.png => D:\Appcelerator Titanium Apps\zipi-games\build\android\res\drawable-notlong-port-mdpi\zipigames_e85c20b1bb.png
[DEBUG] app stylesheet => D:\Appcelerator Titanium Apps\zipi-games\build\android\gen\com\zipi\games\ApplicationStylesheet.java
[DEBUG] copying app icon: D:\Appcelerator Titanium Apps\zipi-games\build\android\bin\assets\Resources\zipigames.png
[DEBUG] generating theme.xml
[DEBUG] found drawable-long-land-hdpi splash screen at D:\Appcelerator Titanium Apps\zipi-games\Resources\android\images\res-long-land-hdpi\default.png
[DEBUG] copying D:\Appcelerator Titanium Apps\zipi-games\Resources\android\images\res-long-land-hdpi\default.png splash screen to D:\Appcelerator Titanium Apps\zipi-games\build\android\res\drawable-long-land-hdpi\background.png
[DEBUG] found drawable-long-land-ldpi splash screen at D:\Appcelerator Titanium Apps\zipi-games\Resources\android\images\res-long-land-ldpi\default.png
[DEBUG] copying D:\Appcelerator Titanium Apps\zipi-games\Resources\android\images\res-long-land-ldpi\default.png splash screen to D:\Appcelerator Titanium Apps\zipi-games\build\android\res\drawable-long-land-ldpi\background.png
[DEBUG] found drawable-long-port-hdpi splash screen at D:\Appcelerator Titanium Apps\zipi-games\Resources\android\images\res-long-port-hdpi\default.png
[DEBUG] copying D:\Appcelerator Titanium Apps\zipi-games\Resources\android\images\res-long-port-hdpi\default.png splash screen to D:\Appcelerator Titanium Apps\zipi-games\build\android\res\drawable-long-port-hdpi\background.png
[DEBUG] found drawable-long-port-ldpi splash screen at D:\Appcelerator Titanium Apps\zipi-games\Resources\android\images\res-long-port-ldpi\default.png
[DEBUG] copying D:\Appcelerator Titanium Apps\zipi-games\Resources\android\images\res-long-port-ldpi\default.png splash screen to D:\Appcelerator Titanium Apps\zipi-games\build\android\res\drawable-long-port-ldpi\background.png
[DEBUG] found drawable-notlong-land-hdpi splash screen at D:\Appcelerator Titanium Apps\zipi-games\Resources\android\images\res-notlong-land-hdpi\default.png
[DEBUG] copying D:\Appcelerator Titanium Apps\zipi-games\Resources\android\images\res-notlong-land-hdpi\default.png splash screen to D:\Appcelerator Titanium Apps\zipi-games\build\android\res\drawable-notlong-land-hdpi\background.png
[DEBUG] found drawable-notlong-land-ldpi splash screen at D:\Appcelerator Titanium Apps\zipi-games\Resources\android\images\res-notlong-land-ldpi\default.png
[DEBUG] copying D:\Appcelerator Titanium Apps\zipi-games\Resources\android\images\res-notlong-land-ldpi\default.png splash screen to D:\Appcelerator Titanium Apps\zipi-games\build\android\res\drawable-notlong-land-ldpi\background.png
[DEBUG] found drawable-notlong-land-mdpi splash screen at D:\Appcelerator Titanium Apps\zipi-games\Resources\android\images\res-notlong-land-mdpi\default.png
[DEBUG] copying D:\Appcelerator Titanium Apps\zipi-games\Resources\android\images\res-notlong-land-mdpi\default.png splash screen to D:\Appcelerator Titanium Apps\zipi-games\build\android\res\drawable-notlong-land-mdpi\background.png
[DEBUG] found drawable-notlong-port-hdpi splash screen at D:\Appcelerator Titanium Apps\zipi-games\Resources\android\images\res-notlong-port-hdpi\default.png
[DEBUG] copying D:\Appcelerator Titanium Apps\zipi-games\Resources\android\images\res-notlong-port-hdpi\default.png splash screen to D:\Appcelerator Titanium Apps\zipi-games\build\android\res\drawable-notlong-port-hdpi\background.png
[DEBUG] found drawable-notlong-port-ldpi splash screen at D:\Appcelerator Titanium Apps\zipi-games\Resources\android\images\res-notlong-port-ldpi\default.png
[DEBUG] copying D:\Appcelerator Titanium Apps\zipi-games\Resources\android\images\res-notlong-port-ldpi\default.png splash screen to D:\Appcelerator Titanium Apps\zipi-games\build\android\res\drawable-notlong-port-ldpi\background.png
[DEBUG] found drawable-notlong-port-mdpi splash screen at D:\Appcelerator Titanium Apps\zipi-games\Resources\android\images\res-notlong-port-mdpi\default.png
[DEBUG] copying D:\Appcelerator Titanium Apps\zipi-games\Resources\android\images\res-notlong-port-mdpi\default.png splash screen to D:\Appcelerator Titanium Apps\zipi-games\build\android\res\drawable-notlong-port-mdpi\background.png
[DEBUG] found splash screen at D:\Appcelerator Titanium Apps\zipi-games\build\android\bin\assets\Resources\default.png
[TRACE] Writing out AndroidManifest.xml
[DEBUG] adding D:\Appcelerator Titanium Apps\zipi-games\build\android\gen\com\zipi\games\ApplicationStylesheet.java to javac build list
[DEBUG] adding D:\Appcelerator Titanium Apps\zipi-games\build\android\gen\com\zipi\games\R.java to javac build list
[DEBUG] adding D:\Appcelerator Titanium Apps\zipi-games\build\android\gen\com\zipi\games\TestActivity.java to javac build list
[DEBUG] adding D:\Appcelerator Titanium Apps\zipi-games\build\android\gen\com\zipi\games\TestAppInfo.java to javac build list
[DEBUG] adding D:\Appcelerator Titanium Apps\zipi-games\build\android\gen\com\zipi\games\TestApplication.java to javac build list
[DEBUG] Building Java Sources: "D:\\Appcelerator Titanium Apps\\zipi-games\\build\\android\\gen\\com\\zipi\\games\\ApplicationStylesheet.java" "D:\\Appcelerator Titanium Apps\\zipi-games\\build\\android\\gen\\com\\zipi\\games\\R.java" "D:\\Appcelerator Titanium Apps\\zipi-games\\build\\android\\gen\\com\\zipi\\games\\TestActivity.java" "D:\\Appcelerator Titanium Apps\\zipi-games\\build\\android\\gen\\com\\zipi\\games\\TestAppInfo.java" "D:\\Appcelerator Titanium Apps\\zipi-games\\build\\android\\gen\\com\\zipi\\games\\TestApplication.java"
[INFO] Compiling Android Resources... This could take some time
[DEBUG] Android classes.dex built
[DEBUG] creating unsigned apk: D:\Appcelerator Titanium Apps\zipi-games\build\android\bin\app-unsigned.apk
[DEBUG] from resource zip => assets/Resources/game/view/firstpage.js
[DEBUG] from resource zip => assets/Resources/game/game.js
[DEBUG] from resource zip => assets/Resources/images/Monster.png
[DEBUG] from resource zip => assets/Resources/images/Nasa.png
[DEBUG] from resource zip => assets/Resources/images/Netscape.png
[DEBUG] from resource zip => assets/Resources/images/Rover.png
[DEBUG] from resource zip => assets/Resources/images/Screen Shot 2012-05-12 at 7.24.20 AM.png
[DEBUG] from resource zip => assets/Resources/images/zipigames.png
[DEBUG] from resource zip => assets/Resources/KS_nav_ui.png
[DEBUG] from resource zip => assets/Resources/KS_nav_views.png
[DEBUG] from resource zip => assets/Resources/app.js
[DEBUG] from resource zip => assets/Resources/appicon.png
[DEBUG] from resource zip => assets/Resources/bg.jpg
[DEBUG] from resource zip => assets/Resources/default.png
[DEBUG] from resource zip => assets/Resources/loading.gif
[DEBUG] from resource zip => assets/Resources/ti.cloud.js
[DEBUG] from resource zip => assets/Resources/zipigames.png
[DEBUG] from resource zip => assets/app.json
[DEBUG] from resource zip => assets/index.json
[DEBUG] from resource zip => assets/tiapp.xml
[DEBUG] from resource zip => res/drawable/appicon.png
[DEBUG] from resource zip => res/drawable/background.png
[DEBUG] from resource zip => res/layout/titanium_tabgroup.xml
[DEBUG] from resource zip => AndroidManifest.xml
[DEBUG] from resource zip => resources.arsc
[DEBUG] from resource zip => res/drawable-long-land-hdpi/background.png
[DEBUG] from resource zip => res/drawable-long-land-hdpi/zipigames_e85c20b1bb.png
[DEBUG] from resource zip => res/drawable-long-land-ldpi/background.png
[DEBUG] from resource zip => res/drawable-long-land-ldpi/zipigames_e85c20b1bb.png
[DEBUG] from resource zip => res/drawable-long-port-hdpi/background.png
[DEBUG] from resource zip => res/drawable-long-port-hdpi/zipigames_e85c20b1bb.png
[DEBUG] from resource zip => res/drawable-long-port-ldpi/background.png
[DEBUG] from resource zip => res/drawable-long-port-ldpi/zipigames_e85c20b1bb.png
[DEBUG] from resource zip => res/drawable-notlong-land-hdpi/background.png
[DEBUG] from resource zip => res/drawable-notlong-land-hdpi/zipigames_e85c20b1bb.png
[DEBUG] from resource zip => res/drawable-notlong-land-ldpi/background.png
[DEBUG] from resource zip => res/drawable-notlong-land-ldpi/zipigames_e85c20b1bb.png
[DEBUG] from resource zip => res/drawable-notlong-land-mdpi/background.png
[DEBUG] from resource zip => res/drawable-notlong-land-mdpi/zipigames_e85c20b1bb.png
[DEBUG] from resource zip => res/drawable-notlong-port-hdpi/background.png
[DEBUG] from resource zip => res/drawable-notlong-port-hdpi/zipigames_e85c20b1bb.png
[DEBUG] from resource zip => res/drawable-notlong-port-ldpi/background.png
[DEBUG] from resource zip => res/drawable-notlong-port-ldpi/zipigames_e85c20b1bb.png
[DEBUG] from resource zip => res/drawable-notlong-port-mdpi/background.png
[DEBUG] from resource zip => res/drawable-notlong-port-mdpi/zipigames_e85c20b1bb.png
[DEBUG] from JAR C:\Users\Ristici\AppData\Roaming\Titanium\mobilesdk\win32\3.0.2.GA\android\titanium.jar => org/appcelerator/titanium/build.properties
[DEBUG] from JAR C:\Users\Ristici\AppData\Roaming\Titanium\mobilesdk\win32\3.0.2.GA\android\titanium.jar => org/appcelerator/titanium/res/drawable/background.png
[DEBUG] from JAR C:\Users\Ristici\AppData\Roaming\Titanium\mobilesdk\win32\3.0.2.GA\android\titanium.jar => org/appcelerator/titanium/res/drawable/btn_check_buttonless_on.png
[DEBUG] from JAR C:\Users\Ristici\AppData\Roaming\Titanium\mobilesdk\win32\3.0.2.GA\android\titanium.jar => org/appcelerator/titanium/res/drawable/btn_check_buttonless_on_18.png
[DEBUG] from JAR C:\Users\Ristici\AppData\Roaming\Titanium\mobilesdk\win32\3.0.2.GA\android\titanium.jar => org/appcelerator/titanium/res/drawable/btn_check_buttonless_on_48.png
[DEBUG] from JAR C:\Users\Ristici\AppData\Roaming\Titanium\mobilesdk\win32\3.0.2.GA\android\titanium.jar => org/appcelerator/titanium/res/drawable/btn_check_buttonless_on_64.png
[DEBUG] from JAR C:\Users\Ristici\AppData\Roaming\Titanium\mobilesdk\win32\3.0.2.GA\android\titanium.jar => org/appcelerator/titanium/res/drawable/btn_more.png
[DEBUG] from JAR C:\Users\Ristici\AppData\Roaming\Titanium\mobilesdk\win32\3.0.2.GA\android\titanium.jar => org/appcelerator/titanium/res/drawable/btn_more_18.png
[DEBUG] from JAR C:\Users\Ristici\AppData\Roaming\Titanium\mobilesdk\win32\3.0.2.GA\android\titanium.jar => org/appcelerator/titanium/res/drawable/btn_more_48.png
[DEBUG] from JAR C:\Users\Ristici\AppData\Roaming\Titanium\mobilesdk\win32\3.0.2.GA\android\titanium.jar => org/appcelerator/titanium/res/drawable/btn_more_64.png
[DEBUG] from JAR C:\Users\Ristici\AppData\Roaming\Titanium\mobilesdk\win32\3.0.2.GA\android\titanium.jar => org/appcelerator/titanium/res/drawable/btn_picker_normal.9.png
[DEBUG] from JAR C:\Users\Ristici\AppData\Roaming\Titanium\mobilesdk\win32\3.0.2.GA\android\titanium.jar => org/appcelerator/titanium/res/drawable/btn_picker_pressed.9.png
[DEBUG] from JAR C:\Users\Ristici\AppData\Roaming\Titanium\mobilesdk\win32\3.0.2.GA\android\titanium.jar => org/appcelerator/titanium/res/drawable/btn_picker_selected.9.png
[DEBUG] from JAR C:\Users\Ristici\AppData\Roaming\Titanium\mobilesdk\win32\3.0.2.GA\android\titanium.jar => org/appcelerator/titanium/res/drawable/default_icon.png
[DEBUG] from JAR C:\Users\Ristici\AppData\Roaming\Titanium\mobilesdk\win32\3.0.2.GA\android\titanium.jar => org/appcelerator/titanium/res/drawable/photoDefault.png
[DEBUG] from JAR C:\Users\Ristici\AppData\Roaming\Titanium\mobilesdk\win32\3.0.2.GA\android\modules\titanium-ui.jar => ti/modules/titanium/ui/widget/webview/binding.js
[DEBUG] from JAR C:\Users\Ristici\AppData\Roaming\Titanium\mobilesdk\win32\3.0.2.GA\android\modules\titanium-ui.jar => ti/modules/titanium/ui/widget/webview/binding.min.js
[DEBUG] from JAR C:\Users\Ristici\AppData\Roaming\Titanium\mobilesdk\win32\3.0.2.GA\android\modules\titanium-ui.jar => ti/modules/titanium/ui/widget/webview/json2.js
[DEBUG] from JAR C:\Users\Ristici\AppData\Roaming\Titanium\mobilesdk\win32\3.0.2.GA\android\modules\titanium-ui.jar => ti/modules/titanium/ui/widget/webview/polling.js
[DEBUG] from JAR C:\Users\Ristici\AppData\Roaming\Titanium\mobilesdk\win32\3.0.2.GA\android\modules\titanium-ui.jar => ti/modules/titanium/ui/widget/webview/polling.min.js
[DEBUG] from JAR C:\Users\Ristici\AppData\Roaming\Titanium\mobilesdk\win32\3.0.2.GA\android\thirdparty.jar => org/apache/Commons-NOTICE.txt
[DEBUG] from JAR C:\Users\Ristici\AppData\Roaming\Titanium\mobilesdk\win32\3.0.2.GA\android\thirdparty.jar => org/apache/HttpComponents-NOTICE.txt
[DEBUG] from JAR C:\Users\Ristici\AppData\Roaming\Titanium\mobilesdk\win32\3.0.2.GA\android\thirdparty.jar => org/apache/mime4j-NOTICE.txt
[DEBUG] installing native SDK libs
[DEBUG] Waiting for device to be ready ...
[TRACE] adb devices returned 1 devices/emulators
[DEBUG] Device connected... (waited 0 seconds)
[DEBUG] waited 0.016000 seconds on emulator to get ready
[INFO] Installing application on device
[INFO] Application installed. Launch from drawer on Home Screen
